<?xml version="1.0" encoding="UTF-8"?>
<!-- Generated by org.testng.reporters.JUnitReportReporter -->
<testsuite hostname="JEEL" failures="0" tests="1" name="com.kiwiqa.demoqatestng.FullFlowDemoQA" time="57.069" errors="0" timestamp="2024-07-11T02:01:19 IST" skipped="0">
  <testcase classname="com.kiwiqa.demoqatestng.FullFlowDemoQA" name="formFill" time="57.069"/>
</testsuite> <!-- com.kiwiqa.demoqatestng.FullFlowDemoQA -->
